# Logfile created on 2025-04-30 14:48:53 +0900 by logger.rb/v1.7.0
  INFO ---------------------------------------------------------------------------
  INFO START 2025-04-30 14:48:53 +0900 cap production deploy
  INFO ---------------------------------------------------------------------------
  INFO [e6319ea1] Running /usr/bin/env mkdir -p /tmp as deploy@deploy_server
 DEBUG [e6319ea1] Command: /usr/bin/env mkdir -p /tmp
  INFO [e6319ea1] Finished in 0.444 seconds with exit status 0 (successful).
 DEBUG Uploading /tmp/git-ssh-dff40a5cee6a240f3317.sh 0.0%
  INFO Uploading /tmp/git-ssh-dff40a5cee6a240f3317.sh 100.0%
  INFO [7fc6cf6a] Running /usr/bin/env chmod 700 /tmp/git-ssh-dff40a5cee6a240f3317.sh as deploy@deploy_server
 DEBUG [7fc6cf6a] Command: /usr/bin/env chmod 700 /tmp/git-ssh-dff40a5cee6a240f3317.sh
  INFO [7fc6cf6a] Finished in 0.062 seconds with exit status 0 (successful).
  INFO [7d29ddab] Running /usr/bin/env git ls-remote git@github.com:humake-dev/api.git HEAD as deploy@deploy_server
 DEBUG [7d29ddab] Command: ( export GIT_ASKPASS="/bin/echo" GIT_SSH="/tmp/git-ssh-dff40a5cee6a240f3317.sh" ; /usr/bin/env git ls-remote git@github.com:humake-dev/api.git HEAD )
 DEBUG [7d29ddab] 	b73d986078ca98cde840004f3cd0c606de1b41e0	HEAD
  INFO [7d29ddab] Finished in 2.336 seconds with exit status 0 (successful).
  INFO [b948f041] Running /usr/bin/env mkdir -p /var/www/vhosts/api/shared /var/www/vhosts/api/releases as deploy@deploy_server
 DEBUG [b948f041] Command: /usr/bin/env mkdir -p /var/www/vhosts/api/shared /var/www/vhosts/api/releases
  INFO [b948f041] Finished in 0.065 seconds with exit status 0 (successful).
  INFO [110d513e] Running /usr/bin/env mkdir -p /var/www/vhosts/api/shared as deploy@deploy_server
 DEBUG [110d513e] Command: /usr/bin/env mkdir -p /var/www/vhosts/api/shared
  INFO [110d513e] Finished in 0.063 seconds with exit status 0 (successful).
 DEBUG [40db4436] Running [ -f /var/www/vhosts/api/shared/.env ] as deploy@deploy_server
 DEBUG [40db4436] Command: [ -f /var/www/vhosts/api/shared/.env ]
 DEBUG [40db4436] Finished in 0.062 seconds with exit status 1 (failed).
 ERROR linked file /var/www/vhosts/api/shared/.env does not exist on deploy_server
  INFO ---------------------------------------------------------------------------
  INFO START 2025-04-30 14:49:44 +0900 cap production deploy
  INFO ---------------------------------------------------------------------------
  INFO [ecea12a5] Running /usr/bin/env mkdir -p /tmp as deploy@deploy_server
 DEBUG [ecea12a5] Command: /usr/bin/env mkdir -p /tmp
  INFO [ecea12a5] Finished in 0.445 seconds with exit status 0 (successful).
 DEBUG Uploading /tmp/git-ssh-f31e86746821af36fe91.sh 0.0%
  INFO Uploading /tmp/git-ssh-f31e86746821af36fe91.sh 100.0%
  INFO [b007b857] Running /usr/bin/env chmod 700 /tmp/git-ssh-f31e86746821af36fe91.sh as deploy@deploy_server
 DEBUG [b007b857] Command: /usr/bin/env chmod 700 /tmp/git-ssh-f31e86746821af36fe91.sh
  INFO [b007b857] Finished in 0.060 seconds with exit status 0 (successful).
  INFO [f6582e91] Running /usr/bin/env git ls-remote git@github.com:humake-dev/api.git HEAD as deploy@deploy_server
 DEBUG [f6582e91] Command: ( export GIT_ASKPASS="/bin/echo" GIT_SSH="/tmp/git-ssh-f31e86746821af36fe91.sh" ; /usr/bin/env git ls-remote git@github.com:humake-dev/api.git HEAD )
 DEBUG [f6582e91] 	b73d986078ca98cde840004f3cd0c606de1b41e0	HEAD
  INFO [f6582e91] Finished in 2.341 seconds with exit status 0 (successful).
  INFO [111595fd] Running /usr/bin/env mkdir -p /var/www/vhosts/api/shared /var/www/vhosts/api/releases as deploy@deploy_server
 DEBUG [111595fd] Command: /usr/bin/env mkdir -p /var/www/vhosts/api/shared /var/www/vhosts/api/releases
  INFO [111595fd] Finished in 0.061 seconds with exit status 0 (successful).
  INFO [01a23cd5] Running /usr/bin/env mkdir -p /var/www/vhosts/api/shared as deploy@deploy_server
 DEBUG [01a23cd5] Command: /usr/bin/env mkdir -p /var/www/vhosts/api/shared
  INFO [01a23cd5] Finished in 0.064 seconds with exit status 0 (successful).
 DEBUG [edb1dc90] Running [ -f /var/www/vhosts/api/shared/.env ] as deploy@deploy_server
 DEBUG [edb1dc90] Command: [ -f /var/www/vhosts/api/shared/.env ]
 DEBUG [edb1dc90] Finished in 0.063 seconds with exit status 1 (failed).
 ERROR linked file /var/www/vhosts/api/shared/.env does not exist on deploy_server
  INFO ---------------------------------------------------------------------------
  INFO START 2025-04-30 14:50:12 +0900 cap production deploy
  INFO ---------------------------------------------------------------------------
  INFO [5ea9e2cb] Running /usr/bin/env mkdir -p /tmp as deploy@deploy_server
 DEBUG [5ea9e2cb] Command: /usr/bin/env mkdir -p /tmp
  INFO [5ea9e2cb] Finished in 0.433 seconds with exit status 0 (successful).
 DEBUG Uploading /tmp/git-ssh-6141b64e41080c77362a.sh 0.0%
  INFO Uploading /tmp/git-ssh-6141b64e41080c77362a.sh 100.0%
  INFO [3278e4fa] Running /usr/bin/env chmod 700 /tmp/git-ssh-6141b64e41080c77362a.sh as deploy@deploy_server
 DEBUG [3278e4fa] Command: /usr/bin/env chmod 700 /tmp/git-ssh-6141b64e41080c77362a.sh
  INFO [3278e4fa] Finished in 0.061 seconds with exit status 0 (successful).
  INFO [57cc065d] Running /usr/bin/env git ls-remote git@github.com:humake-dev/api.git HEAD as deploy@deploy_server
 DEBUG [57cc065d] Command: ( export GIT_ASKPASS="/bin/echo" GIT_SSH="/tmp/git-ssh-6141b64e41080c77362a.sh" ; /usr/bin/env git ls-remote git@github.com:humake-dev/api.git HEAD )
 DEBUG [57cc065d] 	b73d986078ca98cde840004f3cd0c606de1b41e0	HEAD
  INFO [57cc065d] Finished in 2.316 seconds with exit status 0 (successful).
  INFO [7c5ed0a1] Running /usr/bin/env mkdir -p /var/www/vhosts/api/shared /var/www/vhosts/api/releases as deploy@deploy_server
 DEBUG [7c5ed0a1] Command: /usr/bin/env mkdir -p /var/www/vhosts/api/shared /var/www/vhosts/api/releases
  INFO [7c5ed0a1] Finished in 0.062 seconds with exit status 0 (successful).
  INFO [96696c37] Running /usr/bin/env mkdir -p /var/www/vhosts/api/shared as deploy@deploy_server
 DEBUG [96696c37] Command: /usr/bin/env mkdir -p /var/www/vhosts/api/shared
  INFO [96696c37] Finished in 0.063 seconds with exit status 0 (successful).
 DEBUG [645795c9] Running [ -f /var/www/vhosts/api/shared/.env ] as deploy@deploy_server
 DEBUG [645795c9] Command: [ -f /var/www/vhosts/api/shared/.env ]
 DEBUG [645795c9] Finished in 0.062 seconds with exit status 0 (successful).
 DEBUG [f39435e7] Running [ -f /var/www/vhosts/api/current/REVISION ] as deploy@deploy_server
 DEBUG [f39435e7] Command: [ -f /var/www/vhosts/api/current/REVISION ]
 DEBUG [f39435e7] Finished in 0.065 seconds with exit status 1 (failed).
 DEBUG [db657d19] Running [ -f /var/www/vhosts/api/current/REVISION_TIME ] as deploy@deploy_server
 DEBUG [db657d19] Command: [ -f /var/www/vhosts/api/current/REVISION_TIME ]
 DEBUG [db657d19] Finished in 0.061 seconds with exit status 1 (failed).
 DEBUG [ddf7e746] Running [ -f /var/www/vhosts/api/repo/HEAD ] as deploy@deploy_server
 DEBUG [ddf7e746] Command: [ -f /var/www/vhosts/api/repo/HEAD ]
 DEBUG [ddf7e746] Finished in 0.057 seconds with exit status 1 (failed).
 DEBUG [b1f8a686] Running if test ! -d /var/www/vhosts/api; then echo "Directory does not exist '/var/www/vhosts/api'" 1>&2; false; fi as deploy@deploy_server
 DEBUG [b1f8a686] Command: if test ! -d /var/www/vhosts/api; then echo "Directory does not exist '/var/www/vhosts/api'" 1>&2; false; fi
 DEBUG [b1f8a686] Finished in 0.061 seconds with exit status 0 (successful).
  INFO [82002b48] Running /usr/bin/env git clone --mirror git@github.com:humake-dev/api.git /var/www/vhosts/api/repo as deploy@deploy_server
 DEBUG [82002b48] Command: cd /var/www/vhosts/api && ( export GIT_ASKPASS="/bin/echo" GIT_SSH="/tmp/git-ssh-6141b64e41080c77362a.sh" ; /usr/bin/env git clone --mirror git@github.com:humake-dev/api.git /var/www/vhosts/api/repo )
 DEBUG [82002b48] 	간략한 저장소로('/var/www/vhosts/api/repo') 복제합니다...
  INFO [82002b48] Finished in 2.727 seconds with exit status 0 (successful).
 DEBUG [493f4fc6] Running if test ! -d /var/www/vhosts/api/repo; then echo "Directory does not exist '/var/www/vhosts/api/repo'" 1>&2; false; fi as deploy@deploy_server
 DEBUG [493f4fc6] Command: if test ! -d /var/www/vhosts/api/repo; then echo "Directory does not exist '/var/www/vhosts/api/repo'" 1>&2; false; fi
 DEBUG [493f4fc6] Finished in 0.060 seconds with exit status 0 (successful).
  INFO [472c34d0] Running /usr/bin/env git remote set-url origin git@github.com:humake-dev/api.git as deploy@deploy_server
 DEBUG [472c34d0] Command: cd /var/www/vhosts/api/repo && ( export GIT_ASKPASS="/bin/echo" GIT_SSH="/tmp/git-ssh-6141b64e41080c77362a.sh" ; /usr/bin/env git remote set-url origin git@github.com:humake-dev/api.git )
  INFO [472c34d0] Finished in 0.066 seconds with exit status 0 (successful).
  INFO [4e1d9340] Running /usr/bin/env git remote update --prune as deploy@deploy_server
 DEBUG [4e1d9340] Command: cd /var/www/vhosts/api/repo && ( export GIT_ASKPASS="/bin/echo" GIT_SSH="/tmp/git-ssh-6141b64e41080c77362a.sh" ; /usr/bin/env git remote update --prune )
 DEBUG [4e1d9340] 	origin을(를) 가져오는 중
  INFO [4e1d9340] Finished in 2.427 seconds with exit status 0 (successful).
 DEBUG [3c49bf3e] Running if test ! -d /var/www/vhosts/api/repo; then echo "Directory does not exist '/var/www/vhosts/api/repo'" 1>&2; false; fi as deploy@deploy_server
 DEBUG [3c49bf3e] Command: if test ! -d /var/www/vhosts/api/repo; then echo "Directory does not exist '/var/www/vhosts/api/repo'" 1>&2; false; fi
 DEBUG [3c49bf3e] Finished in 0.067 seconds with exit status 0 (successful).
  INFO [e39c1f4a] Running /usr/bin/env mkdir -p /var/www/vhosts/api/releases/20250430055016 as deploy@deploy_server
 DEBUG [e39c1f4a] Command: cd /var/www/vhosts/api/repo && ( export GIT_ASKPASS="/bin/echo" GIT_SSH="/tmp/git-ssh-6141b64e41080c77362a.sh" ; /usr/bin/env mkdir -p /var/www/vhosts/api/releases/20250430055016 )
  INFO [e39c1f4a] Finished in 0.067 seconds with exit status 0 (successful).
  INFO [f23e2c3d] Running /usr/bin/env git archive master | /usr/bin/env tar -x -f - -C /var/www/vhosts/api/releases/20250430055016 as deploy@deploy_server
 DEBUG [f23e2c3d] Command: cd /var/www/vhosts/api/repo && ( export GIT_ASKPASS="/bin/echo" GIT_SSH="/tmp/git-ssh-6141b64e41080c77362a.sh" ; /usr/bin/env git archive master | /usr/bin/env tar -x -f - -C /var/www/vhosts/api/releases/20250430055016 )
 DEBUG [f23e2c3d] 	fatal: 유효한 객체 이름이 아닙니다: master
 DEBUG [f23e2c3d] 	tar: 이것은 tar 아카이브가 아닌 것 같습니다
 DEBUG [f23e2c3d] 	tar: 앞서 발생한 오류로 실패 코드를 반환하며 빠져나감
  INFO ---------------------------------------------------------------------------
  INFO START 2025-04-30 14:50:44 +0900 cap production deploy
  INFO ---------------------------------------------------------------------------
  INFO [10d0b5d7] Running /usr/bin/env mkdir -p /tmp as deploy@deploy_server
 DEBUG [10d0b5d7] Command: /usr/bin/env mkdir -p /tmp
  INFO [10d0b5d7] Finished in 0.450 seconds with exit status 0 (successful).
 DEBUG Uploading /tmp/git-ssh-ceb92a49f60927a58e11.sh 0.0%
  INFO Uploading /tmp/git-ssh-ceb92a49f60927a58e11.sh 100.0%
  INFO [d867c4c5] Running /usr/bin/env chmod 700 /tmp/git-ssh-ceb92a49f60927a58e11.sh as deploy@deploy_server
 DEBUG [d867c4c5] Command: /usr/bin/env chmod 700 /tmp/git-ssh-ceb92a49f60927a58e11.sh
  INFO [d867c4c5] Finished in 0.060 seconds with exit status 0 (successful).
  INFO [cd6123f2] Running /usr/bin/env git ls-remote git@github.com:humake-dev/api.git HEAD as deploy@deploy_server
 DEBUG [cd6123f2] Command: ( export GIT_ASKPASS="/bin/echo" GIT_SSH="/tmp/git-ssh-ceb92a49f60927a58e11.sh" ; /usr/bin/env git ls-remote git@github.com:humake-dev/api.git HEAD )
 DEBUG [cd6123f2] 	b73d986078ca98cde840004f3cd0c606de1b41e0	HEAD
  INFO [cd6123f2] Finished in 2.294 seconds with exit status 0 (successful).
  INFO [8fe2a383] Running /usr/bin/env mkdir -p /var/www/vhosts/api/shared /var/www/vhosts/api/releases as deploy@deploy_server
 DEBUG [8fe2a383] Command: /usr/bin/env mkdir -p /var/www/vhosts/api/shared /var/www/vhosts/api/releases
  INFO [8fe2a383] Finished in 0.061 seconds with exit status 0 (successful).
  INFO [ca675a46] Running /usr/bin/env mkdir -p /var/www/vhosts/api/shared as deploy@deploy_server
 DEBUG [ca675a46] Command: /usr/bin/env mkdir -p /var/www/vhosts/api/shared
  INFO [ca675a46] Finished in 0.060 seconds with exit status 0 (successful).
 DEBUG [b9eb21af] Running [ -f /var/www/vhosts/api/shared/.env ] as deploy@deploy_server
 DEBUG [b9eb21af] Command: [ -f /var/www/vhosts/api/shared/.env ]
 DEBUG [b9eb21af] Finished in 0.062 seconds with exit status 0 (successful).
 DEBUG [eef337ed] Running [ -f /var/www/vhosts/api/current/REVISION ] as deploy@deploy_server
 DEBUG [eef337ed] Command: [ -f /var/www/vhosts/api/current/REVISION ]
 DEBUG [eef337ed] Finished in 0.062 seconds with exit status 1 (failed).
 DEBUG [fea13427] Running [ -f /var/www/vhosts/api/current/REVISION_TIME ] as deploy@deploy_server
 DEBUG [fea13427] Command: [ -f /var/www/vhosts/api/current/REVISION_TIME ]
 DEBUG [fea13427] Finished in 0.059 seconds with exit status 1 (failed).
 DEBUG [49920171] Running [ -f /var/www/vhosts/api/repo/HEAD ] as deploy@deploy_server
 DEBUG [49920171] Command: [ -f /var/www/vhosts/api/repo/HEAD ]
 DEBUG [49920171] Finished in 0.060 seconds with exit status 0 (successful).
  INFO The repository mirror is at /var/www/vhosts/api/repo
 DEBUG [43238d48] Running if test ! -d /var/www/vhosts/api/repo; then echo "Directory does not exist '/var/www/vhosts/api/repo'" 1>&2; false; fi as deploy@deploy_server
 DEBUG [43238d48] Command: if test ! -d /var/www/vhosts/api/repo; then echo "Directory does not exist '/var/www/vhosts/api/repo'" 1>&2; false; fi
 DEBUG [43238d48] Finished in 0.060 seconds with exit status 0 (successful).
  INFO [b7f27a7b] Running /usr/bin/env git remote set-url origin git@github.com:humake-dev/api.git as deploy@deploy_server
 DEBUG [b7f27a7b] Command: cd /var/www/vhosts/api/repo && ( export GIT_ASKPASS="/bin/echo" GIT_SSH="/tmp/git-ssh-ceb92a49f60927a58e11.sh" ; /usr/bin/env git remote set-url origin git@github.com:humake-dev/api.git )
  INFO [b7f27a7b] Finished in 0.066 seconds with exit status 0 (successful).
  INFO [4b63df3d] Running /usr/bin/env git remote update --prune as deploy@deploy_server
 DEBUG [4b63df3d] Command: cd /var/www/vhosts/api/repo && ( export GIT_ASKPASS="/bin/echo" GIT_SSH="/tmp/git-ssh-ceb92a49f60927a58e11.sh" ; /usr/bin/env git remote update --prune )
 DEBUG [4b63df3d] 	origin을(를) 가져오는 중
  INFO [4b63df3d] Finished in 2.337 seconds with exit status 0 (successful).
 DEBUG [e41c99a9] Running if test ! -d /var/www/vhosts/api/repo; then echo "Directory does not exist '/var/www/vhosts/api/repo'" 1>&2; false; fi as deploy@deploy_server
 DEBUG [e41c99a9] Command: if test ! -d /var/www/vhosts/api/repo; then echo "Directory does not exist '/var/www/vhosts/api/repo'" 1>&2; false; fi
 DEBUG [e41c99a9] Finished in 0.069 seconds with exit status 0 (successful).
  INFO [35abb17e] Running /usr/bin/env mkdir -p /var/www/vhosts/api/releases/20250430055057 as deploy@deploy_server
 DEBUG [35abb17e] Command: cd /var/www/vhosts/api/repo && ( export GIT_ASKPASS="/bin/echo" GIT_SSH="/tmp/git-ssh-ceb92a49f60927a58e11.sh" ; /usr/bin/env mkdir -p /var/www/vhosts/api/releases/20250430055057 )
  INFO [35abb17e] Finished in 0.063 seconds with exit status 0 (successful).
  INFO [fe4d0cd6] Running /usr/bin/env git archive main | /usr/bin/env tar -x -f - -C /var/www/vhosts/api/releases/20250430055057 as deploy@deploy_server
 DEBUG [fe4d0cd6] Command: cd /var/www/vhosts/api/repo && ( export GIT_ASKPASS="/bin/echo" GIT_SSH="/tmp/git-ssh-ceb92a49f60927a58e11.sh" ; /usr/bin/env git archive main | /usr/bin/env tar -x -f - -C /var/www/vhosts/api/releases/20250430055057 )
  INFO [fe4d0cd6] Finished in 0.071 seconds with exit status 0 (successful).
 DEBUG [3ef6e883] Running if test ! -d /var/www/vhosts/api/repo; then echo "Directory does not exist '/var/www/vhosts/api/repo'" 1>&2; false; fi as deploy@deploy_server
 DEBUG [3ef6e883] Command: if test ! -d /var/www/vhosts/api/repo; then echo "Directory does not exist '/var/www/vhosts/api/repo'" 1>&2; false; fi
 DEBUG [3ef6e883] Finished in 0.062 seconds with exit status 0 (successful).
 DEBUG [7db28a84] Running /usr/bin/env git rev-list --max-count=1 main as deploy@deploy_server
 DEBUG [7db28a84] Command: cd /var/www/vhosts/api/repo && ( export GIT_ASKPASS="/bin/echo" GIT_SSH="/tmp/git-ssh-ceb92a49f60927a58e11.sh" ; /usr/bin/env git rev-list --max-count=1 main )
 DEBUG [7db28a84] 	b73d986078ca98cde840004f3cd0c606de1b41e0
 DEBUG [7db28a84] Finished in 0.064 seconds with exit status 0 (successful).
 DEBUG [63e58219] Running if test ! -d /var/www/vhosts/api/releases/20250430055057; then echo "Directory does not exist '/var/www/vhosts/api/releases/20250430055057'" 1>&2; false; fi as deploy@deploy_server
 DEBUG [63e58219] Command: if test ! -d /var/www/vhosts/api/releases/20250430055057; then echo "Directory does not exist '/var/www/vhosts/api/releases/20250430055057'" 1>&2; false; fi
 DEBUG [63e58219] Finished in 0.058 seconds with exit status 0 (successful).
  INFO [f9caa0e8] Running /usr/bin/env echo "b73d986078ca98cde840004f3cd0c606de1b41e0" > REVISION as deploy@deploy_server
 DEBUG [f9caa0e8] Command: cd /var/www/vhosts/api/releases/20250430055057 && /usr/bin/env echo "b73d986078ca98cde840004f3cd0c606de1b41e0" > REVISION
  INFO [f9caa0e8] Finished in 0.063 seconds with exit status 0 (successful).
 DEBUG [5dbcc7fa] Running if test ! -d /var/www/vhosts/api/repo; then echo "Directory does not exist '/var/www/vhosts/api/repo'" 1>&2; false; fi as deploy@deploy_server
 DEBUG [5dbcc7fa] Command: if test ! -d /var/www/vhosts/api/repo; then echo "Directory does not exist '/var/www/vhosts/api/repo'" 1>&2; false; fi
 DEBUG [5dbcc7fa] Finished in 0.061 seconds with exit status 0 (successful).
 DEBUG [b14696b7] Running /usr/bin/env git --no-pager log -1 --pretty=format:"%ct" main as deploy@deploy_server
 DEBUG [b14696b7] Command: cd /var/www/vhosts/api/repo && ( export GIT_ASKPASS="/bin/echo" GIT_SSH="/tmp/git-ssh-ceb92a49f60927a58e11.sh" ; /usr/bin/env git --no-pager log -1 --pretty=format:"%ct" main )
 DEBUG [b14696b7] 	1745991496
 DEBUG [b14696b7] Finished in 0.063 seconds with exit status 0 (successful).
 DEBUG [becee9d4] Running if test ! -d /var/www/vhosts/api/releases/20250430055057; then echo "Directory does not exist '/var/www/vhosts/api/releases/20250430055057'" 1>&2; false; fi as deploy@deploy_server
 DEBUG [becee9d4] Command: if test ! -d /var/www/vhosts/api/releases/20250430055057; then echo "Directory does not exist '/var/www/vhosts/api/releases/20250430055057'" 1>&2; false; fi
 DEBUG [becee9d4] Finished in 0.063 seconds with exit status 0 (successful).
  INFO [1fa53d47] Running /usr/bin/env echo "1745991496" > REVISION_TIME as deploy@deploy_server
 DEBUG [1fa53d47] Command: cd /var/www/vhosts/api/releases/20250430055057 && /usr/bin/env echo "1745991496" > REVISION_TIME
  INFO [1fa53d47] Finished in 0.061 seconds with exit status 0 (successful).
  INFO [cf4e0422] Running /usr/bin/env mkdir -p /var/www/vhosts/api/releases/20250430055057 as deploy@deploy_server
 DEBUG [cf4e0422] Command: /usr/bin/env mkdir -p /var/www/vhosts/api/releases/20250430055057
  INFO [cf4e0422] Finished in 0.063 seconds with exit status 0 (successful).
 DEBUG [5c86c75a] Running [ -L /var/www/vhosts/api/releases/20250430055057/.env ] as deploy@deploy_server
 DEBUG [5c86c75a] Command: [ -L /var/www/vhosts/api/releases/20250430055057/.env ]
 DEBUG [5c86c75a] Finished in 0.059 seconds with exit status 1 (failed).
 DEBUG [7a001d34] Running [ -f /var/www/vhosts/api/releases/20250430055057/.env ] as deploy@deploy_server
 DEBUG [7a001d34] Command: [ -f /var/www/vhosts/api/releases/20250430055057/.env ]
 DEBUG [7a001d34] Finished in 0.060 seconds with exit status 1 (failed).
  INFO [baa63217] Running /usr/bin/env ln -s /var/www/vhosts/api/shared/.env /var/www/vhosts/api/releases/20250430055057/.env as deploy@deploy_server
 DEBUG [baa63217] Command: /usr/bin/env ln -s /var/www/vhosts/api/shared/.env /var/www/vhosts/api/releases/20250430055057/.env
  INFO [baa63217] Finished in 0.060 seconds with exit status 0 (successful).
 DEBUG [1cb9645a] Running if test ! -d /var/www/vhosts/api/releases/20250430055057; then echo "Directory does not exist '/var/www/vhosts/api/releases/20250430055057'" 1>&2; false; fi as deploy@deploy_server
 DEBUG [1cb9645a] Command: if test ! -d /var/www/vhosts/api/releases/20250430055057; then echo "Directory does not exist '/var/www/vhosts/api/releases/20250430055057'" 1>&2; false; fi
 DEBUG [1cb9645a] Finished in 0.063 seconds with exit status 0 (successful).
  INFO [63599073] Running /usr/bin/env poetry install --no-interaction --no-root as deploy@deploy_server
 DEBUG [63599073] Command: cd /var/www/vhosts/api/releases/20250430055057 && /usr/bin/env poetry install --no-interaction --no-root
 DEBUG [63599073] 	/usr/bin/env: `poetry'
 DEBUG [63599073] 	: 그런 파일이나 디렉터리가 없습니다
  INFO ---------------------------------------------------------------------------
  INFO START 2025-04-30 14:53:46 +0900 cap production deploy
  INFO ---------------------------------------------------------------------------
  INFO [c2a1fcce] Running /usr/bin/env mkdir -p /tmp as deploy@deploy_server
 DEBUG [c2a1fcce] Command: ( export PATH="$HOME/.local/bin:$PATH" ; /usr/bin/env mkdir -p /tmp )
  INFO [c2a1fcce] Finished in 0.430 seconds with exit status 0 (successful).
 DEBUG Uploading /tmp/git-ssh-a1652be8939c51491955.sh 0.0%
  INFO Uploading /tmp/git-ssh-a1652be8939c51491955.sh 100.0%
  INFO [3aee06e7] Running /usr/bin/env chmod 700 /tmp/git-ssh-a1652be8939c51491955.sh as deploy@deploy_server
 DEBUG [3aee06e7] Command: ( export PATH="$HOME/.local/bin:$PATH" ; /usr/bin/env chmod 700 /tmp/git-ssh-a1652be8939c51491955.sh )
  INFO [3aee06e7] Finished in 0.062 seconds with exit status 0 (successful).
  INFO [5638e153] Running /usr/bin/env git ls-remote git@github.com:humake-dev/api.git HEAD as deploy@deploy_server
 DEBUG [5638e153] Command: ( export PATH="$HOME/.local/bin:$PATH" GIT_ASKPASS="/bin/echo" GIT_SSH="/tmp/git-ssh-a1652be8939c51491955.sh" ; /usr/bin/env git ls-remote git@github.com:humake-dev/api.git HEAD )
 DEBUG [5638e153] 	b73d986078ca98cde840004f3cd0c606de1b41e0	HEAD
  INFO [5638e153] Finished in 2.286 seconds with exit status 0 (successful).
  INFO [7e54c6c7] Running /usr/bin/env mkdir -p /var/www/vhosts/api/shared /var/www/vhosts/api/releases as deploy@deploy_server
 DEBUG [7e54c6c7] Command: ( export PATH="$HOME/.local/bin:$PATH" ; /usr/bin/env mkdir -p /var/www/vhosts/api/shared /var/www/vhosts/api/releases )
  INFO [7e54c6c7] Finished in 0.062 seconds with exit status 0 (successful).
  INFO [177a9bd5] Running /usr/bin/env mkdir -p /var/www/vhosts/api/shared as deploy@deploy_server
 DEBUG [177a9bd5] Command: ( export PATH="$HOME/.local/bin:$PATH" ; /usr/bin/env mkdir -p /var/www/vhosts/api/shared )
  INFO [177a9bd5] Finished in 0.067 seconds with exit status 0 (successful).
 DEBUG [8d815d95] Running [ -f /var/www/vhosts/api/shared/.env ] as deploy@deploy_server
 DEBUG [8d815d95] Command: [ -f /var/www/vhosts/api/shared/.env ]
 DEBUG [8d815d95] Finished in 0.062 seconds with exit status 0 (successful).
 DEBUG [6115c2b7] Running [ -f /var/www/vhosts/api/current/REVISION ] as deploy@deploy_server
 DEBUG [6115c2b7] Command: [ -f /var/www/vhosts/api/current/REVISION ]
 DEBUG [6115c2b7] Finished in 0.062 seconds with exit status 1 (failed).
 DEBUG [ce8ffc76] Running [ -f /var/www/vhosts/api/current/REVISION_TIME ] as deploy@deploy_server
 DEBUG [ce8ffc76] Command: [ -f /var/www/vhosts/api/current/REVISION_TIME ]
 DEBUG [ce8ffc76] Finished in 0.064 seconds with exit status 1 (failed).
 DEBUG [68e448ea] Running [ -f /var/www/vhosts/api/repo/HEAD ] as deploy@deploy_server
 DEBUG [68e448ea] Command: [ -f /var/www/vhosts/api/repo/HEAD ]
 DEBUG [68e448ea] Finished in 0.064 seconds with exit status 0 (successful).
  INFO The repository mirror is at /var/www/vhosts/api/repo
 DEBUG [62701d98] Running if test ! -d /var/www/vhosts/api/repo; then echo "Directory does not exist '/var/www/vhosts/api/repo'" 1>&2; false; fi as deploy@deploy_server
 DEBUG [62701d98] Command: if test ! -d /var/www/vhosts/api/repo; then echo "Directory does not exist '/var/www/vhosts/api/repo'" 1>&2; false; fi
 DEBUG [62701d98] Finished in 0.060 seconds with exit status 0 (successful).
  INFO [60f24e0a] Running /usr/bin/env git remote set-url origin git@github.com:humake-dev/api.git as deploy@deploy_server
 DEBUG [60f24e0a] Command: cd /var/www/vhosts/api/repo && ( export PATH="$HOME/.local/bin:$PATH" GIT_ASKPASS="/bin/echo" GIT_SSH="/tmp/git-ssh-a1652be8939c51491955.sh" ; /usr/bin/env git remote set-url origin git@github.com:humake-dev/api.git )
  INFO [60f24e0a] Finished in 0.062 seconds with exit status 0 (successful).
  INFO [b25e37c4] Running /usr/bin/env git remote update --prune as deploy@deploy_server
 DEBUG [b25e37c4] Command: cd /var/www/vhosts/api/repo && ( export PATH="$HOME/.local/bin:$PATH" GIT_ASKPASS="/bin/echo" GIT_SSH="/tmp/git-ssh-a1652be8939c51491955.sh" ; /usr/bin/env git remote update --prune )
 DEBUG [b25e37c4] 	origin을(를) 가져오는 중
  INFO [b25e37c4] Finished in 2.322 seconds with exit status 0 (successful).
 DEBUG [8b408685] Running if test ! -d /var/www/vhosts/api/repo; then echo "Directory does not exist '/var/www/vhosts/api/repo'" 1>&2; false; fi as deploy@deploy_server
 DEBUG [8b408685] Command: if test ! -d /var/www/vhosts/api/repo; then echo "Directory does not exist '/var/www/vhosts/api/repo'" 1>&2; false; fi
 DEBUG [8b408685] Finished in 0.064 seconds with exit status 0 (successful).
  INFO [cd19c7ce] Running /usr/bin/env mkdir -p /var/www/vhosts/api/releases/20250430055349 as deploy@deploy_server
 DEBUG [cd19c7ce] Command: cd /var/www/vhosts/api/repo && ( export PATH="$HOME/.local/bin:$PATH" GIT_ASKPASS="/bin/echo" GIT_SSH="/tmp/git-ssh-a1652be8939c51491955.sh" ; /usr/bin/env mkdir -p /var/www/vhosts/api/releases/20250430055349 )
  INFO [cd19c7ce] Finished in 0.064 seconds with exit status 0 (successful).
  INFO [d8da93ab] Running /usr/bin/env git archive main | /usr/bin/env tar -x -f - -C /var/www/vhosts/api/releases/20250430055349 as deploy@deploy_server
 DEBUG [d8da93ab] Command: cd /var/www/vhosts/api/repo && ( export PATH="$HOME/.local/bin:$PATH" GIT_ASKPASS="/bin/echo" GIT_SSH="/tmp/git-ssh-a1652be8939c51491955.sh" ; /usr/bin/env git archive main | /usr/bin/env tar -x -f - -C /var/www/vhosts/api/releases/20250430055349 )
  INFO [d8da93ab] Finished in 0.066 seconds with exit status 0 (successful).
 DEBUG [b7dea9fa] Running if test ! -d /var/www/vhosts/api/repo; then echo "Directory does not exist '/var/www/vhosts/api/repo'" 1>&2; false; fi as deploy@deploy_server
 DEBUG [b7dea9fa] Command: if test ! -d /var/www/vhosts/api/repo; then echo "Directory does not exist '/var/www/vhosts/api/repo'" 1>&2; false; fi
 DEBUG [b7dea9fa] Finished in 0.062 seconds with exit status 0 (successful).
 DEBUG [1753b5d8] Running /usr/bin/env git rev-list --max-count=1 main as deploy@deploy_server
 DEBUG [1753b5d8] Command: cd /var/www/vhosts/api/repo && ( export PATH="$HOME/.local/bin:$PATH" GIT_ASKPASS="/bin/echo" GIT_SSH="/tmp/git-ssh-a1652be8939c51491955.sh" ; /usr/bin/env git rev-list --max-count=1 main )
 DEBUG [1753b5d8] 	b73d986078ca98cde840004f3cd0c606de1b41e0
 DEBUG [1753b5d8] Finished in 0.062 seconds with exit status 0 (successful).
 DEBUG [92cf5de5] Running if test ! -d /var/www/vhosts/api/releases/20250430055349; then echo "Directory does not exist '/var/www/vhosts/api/releases/20250430055349'" 1>&2; false; fi as deploy@deploy_server
 DEBUG [92cf5de5] Command: if test ! -d /var/www/vhosts/api/releases/20250430055349; then echo "Directory does not exist '/var/www/vhosts/api/releases/20250430055349'" 1>&2; false; fi
 DEBUG [92cf5de5] Finished in 0.060 seconds with exit status 0 (successful).
  INFO [f95c16d2] Running /usr/bin/env echo "b73d986078ca98cde840004f3cd0c606de1b41e0" > REVISION as deploy@deploy_server
 DEBUG [f95c16d2] Command: cd /var/www/vhosts/api/releases/20250430055349 && ( export PATH="$HOME/.local/bin:$PATH" ; /usr/bin/env echo "b73d986078ca98cde840004f3cd0c606de1b41e0" > REVISION )
  INFO [f95c16d2] Finished in 0.066 seconds with exit status 0 (successful).
 DEBUG [3072b415] Running if test ! -d /var/www/vhosts/api/repo; then echo "Directory does not exist '/var/www/vhosts/api/repo'" 1>&2; false; fi as deploy@deploy_server
 DEBUG [3072b415] Command: if test ! -d /var/www/vhosts/api/repo; then echo "Directory does not exist '/var/www/vhosts/api/repo'" 1>&2; false; fi
 DEBUG [3072b415] Finished in 0.061 seconds with exit status 0 (successful).
 DEBUG [e56b78f2] Running /usr/bin/env git --no-pager log -1 --pretty=format:"%ct" main as deploy@deploy_server
 DEBUG [e56b78f2] Command: cd /var/www/vhosts/api/repo && ( export PATH="$HOME/.local/bin:$PATH" GIT_ASKPASS="/bin/echo" GIT_SSH="/tmp/git-ssh-a1652be8939c51491955.sh" ; /usr/bin/env git --no-pager log -1 --pretty=format:"%ct" main )
 DEBUG [e56b78f2] 	1745991496
 DEBUG [e56b78f2] Finished in 0.064 seconds with exit status 0 (successful).
 DEBUG [278603fb] Running if test ! -d /var/www/vhosts/api/releases/20250430055349; then echo "Directory does not exist '/var/www/vhosts/api/releases/20250430055349'" 1>&2; false; fi as deploy@deploy_server
 DEBUG [278603fb] Command: if test ! -d /var/www/vhosts/api/releases/20250430055349; then echo "Directory does not exist '/var/www/vhosts/api/releases/20250430055349'" 1>&2; false; fi
 DEBUG [278603fb] Finished in 0.064 seconds with exit status 0 (successful).
  INFO [712f1991] Running /usr/bin/env echo "1745991496" > REVISION_TIME as deploy@deploy_server
 DEBUG [712f1991] Command: cd /var/www/vhosts/api/releases/20250430055349 && ( export PATH="$HOME/.local/bin:$PATH" ; /usr/bin/env echo "1745991496" > REVISION_TIME )
  INFO [712f1991] Finished in 0.061 seconds with exit status 0 (successful).
  INFO [76c31b1a] Running /usr/bin/env mkdir -p /var/www/vhosts/api/releases/20250430055349 as deploy@deploy_server
 DEBUG [76c31b1a] Command: ( export PATH="$HOME/.local/bin:$PATH" ; /usr/bin/env mkdir -p /var/www/vhosts/api/releases/20250430055349 )
  INFO [76c31b1a] Finished in 0.064 seconds with exit status 0 (successful).
 DEBUG [03ee9756] Running [ -L /var/www/vhosts/api/releases/20250430055349/.env ] as deploy@deploy_server
 DEBUG [03ee9756] Command: [ -L /var/www/vhosts/api/releases/20250430055349/.env ]
 DEBUG [03ee9756] Finished in 0.061 seconds with exit status 1 (failed).
 DEBUG [c09b0e1d] Running [ -f /var/www/vhosts/api/releases/20250430055349/.env ] as deploy@deploy_server
 DEBUG [c09b0e1d] Command: [ -f /var/www/vhosts/api/releases/20250430055349/.env ]
 DEBUG [c09b0e1d] Finished in 0.064 seconds with exit status 1 (failed).
  INFO [01a8a857] Running /usr/bin/env ln -s /var/www/vhosts/api/shared/.env /var/www/vhosts/api/releases/20250430055349/.env as deploy@deploy_server
 DEBUG [01a8a857] Command: ( export PATH="$HOME/.local/bin:$PATH" ; /usr/bin/env ln -s /var/www/vhosts/api/shared/.env /var/www/vhosts/api/releases/20250430055349/.env )
  INFO [01a8a857] Finished in 0.061 seconds with exit status 0 (successful).
 DEBUG [4a2fab89] Running if test ! -d /var/www/vhosts/api/releases/20250430055349; then echo "Directory does not exist '/var/www/vhosts/api/releases/20250430055349'" 1>&2; false; fi as deploy@deploy_server
 DEBUG [4a2fab89] Command: if test ! -d /var/www/vhosts/api/releases/20250430055349; then echo "Directory does not exist '/var/www/vhosts/api/releases/20250430055349'" 1>&2; false; fi
 DEBUG [4a2fab89] Finished in 0.062 seconds with exit status 0 (successful).
  INFO [1680b066] Running /usr/bin/env poetry install --no-interaction --no-root as deploy@deploy_server
 DEBUG [1680b066] Command: cd /var/www/vhosts/api/releases/20250430055349 && ( export PATH="$HOME/.local/bin:$PATH" ; /usr/bin/env poetry install --no-interaction --no-root )
 DEBUG [1680b066] 	Creating virtualenv humake-api-bFP-EBWQ-py3.10 in /home/deploy/.cache/pypoetry/virtualenvs
 DEBUG [1680b066] 	Installing dependencies from lock file
 DEBUG [1680b066] 	
Package operations: 24 installs, 0 updates, 0 removals

 DEBUG [1680b066] 	  - Installing exceptiongroup (1.2.2)
 DEBUG [1680b066] 	  - Installing idna (3.10)
 DEBUG [1680b066] 	  - Installing sniffio (1.3.1)
 DEBUG [1680b066] 	  - Installing typing-extensions (4.13.2)
 DEBUG [1680b066] 	  - Installing annotated-types (0.7.0)
 DEBUG [1680b066] 	  - Installing anyio (4.9.0)
 DEBUG [1680b066] 	  - Installing pycparser (2.22)
 DEBUG [1680b066] 	  - Installing pydantic-core (2.33.2)
 DEBUG [1680b066] 	  - Installing typing-inspection (0.4.0)
 DEBUG [1680b066] 	  - Installing cffi (1.17.1)
 DEBUG [1680b066] 	  - Installing click (8.1.8)
 DEBUG [1680b066] 	  - Installing greenlet (3.2.1)
 DEBUG [1680b066] 	  - Installing h11 (0.16.0)
 DEBUG [1680b066] 	  - Installing packaging (25.0)
 DEBUG [1680b066] 	  - Installing starlette (0.46.2)
 DEBUG [1680b066] 	  - Installing pydantic (2.11.4)
 DEBUG [1680b066] 	  - Installing cryptography (44.0.2)
 DEBUG [1680b066] 	  - Installing fastapi (0.115.12)
 DEBUG [1680b066] 	  - Installing gunicorn (23.0.0)
 DEBUG [1680b066] 	  - Installing itsdangerous (2.2.0)
 DEBUG [1680b066] 	  - Installing pymysql (1.1.1)
 DEBUG [1680b066] 	  - Installing python-dotenv (1.1.0)
 DEBUG [1680b066] 	  - Installing sqlalchemy (2.0.40)
 DEBUG [1680b066] 	  - Installing uvicorn (0.18.3)
  INFO [1680b066] Finished in 3.239 seconds with exit status 0 (successful).
  INFO [8fcb1f3e] Running /usr/bin/env ln -s /var/www/vhosts/api/releases/20250430055349 /var/www/vhosts/api/releases/current as deploy@deploy_server
 DEBUG [8fcb1f3e] Command: ( export PATH="$HOME/.local/bin:$PATH" ; /usr/bin/env ln -s /var/www/vhosts/api/releases/20250430055349 /var/www/vhosts/api/releases/current )
  INFO [8fcb1f3e] Finished in 0.064 seconds with exit status 0 (successful).
  INFO [40d1a4b9] Running /usr/bin/env mv /var/www/vhosts/api/releases/current /var/www/vhosts/api as deploy@deploy_server
 DEBUG [40d1a4b9] Command: ( export PATH="$HOME/.local/bin:$PATH" ; /usr/bin/env mv /var/www/vhosts/api/releases/current /var/www/vhosts/api )
  INFO [40d1a4b9] Finished in 0.067 seconds with exit status 0 (successful).
 DEBUG [e6df14bb] Running /usr/bin/env ls -x /var/www/vhosts/api/releases as deploy@deploy_server
 DEBUG [e6df14bb] Command: ( export PATH="$HOME/.local/bin:$PATH" ; /usr/bin/env ls -x /var/www/vhosts/api/releases )
 DEBUG [e6df14bb] 	20250430055016	20250430055057	20250430055349
 DEBUG [e6df14bb] Finished in 0.065 seconds with exit status 0 (successful).
  INFO Keeping 3 of 3 deployed releases on deploy_server
 DEBUG [e30e20b2] Running [ -d /var/www/vhosts/api/current ] as deploy@deploy_server
 DEBUG [e30e20b2] Command: [ -d /var/www/vhosts/api/current ]
 DEBUG [e30e20b2] Finished in 0.062 seconds with exit status 0 (successful).
 DEBUG [333d0695] Running /usr/bin/env readlink /var/www/vhosts/api/current as deploy@deploy_server
 DEBUG [333d0695] Command: ( export PATH="$HOME/.local/bin:$PATH" ; /usr/bin/env readlink /var/www/vhosts/api/current )
 DEBUG [333d0695] 	/var/www/vhosts/api/releases/20250430055349
 DEBUG [333d0695] Finished in 0.066 seconds with exit status 0 (successful).
  INFO No old releases (keeping newest 3) on deploy_server
 DEBUG [f3984556] Running if test ! -d /var/www/vhosts/api/releases; then echo "Directory does not exist '/var/www/vhosts/api/releases'" 1>&2; false; fi as deploy@deploy_server
 DEBUG [f3984556] Command: if test ! -d /var/www/vhosts/api/releases; then echo "Directory does not exist '/var/www/vhosts/api/releases'" 1>&2; false; fi
 DEBUG [f3984556] Finished in 0.065 seconds with exit status 0 (successful).
  INFO [1921b66c] Running /usr/bin/env echo "Branch main (at b73d986078ca98cde840004f3cd0c606de1b41e0) deployed as release 20250430055349 by toughjjh" >> /var/www/vhosts/api/revisions.log as deploy@deploy_server
 DEBUG [1921b66c] Command: cd /var/www/vhosts/api/releases && ( export PATH="$HOME/.local/bin:$PATH" ; /usr/bin/env echo "Branch main (at b73d986078ca98cde840004f3cd0c606de1b41e0) deployed as release 20250430055349 by toughjjh" >> /var/www/vhosts/api/revisions.log )
  INFO [1921b66c] Finished in 0.062 seconds with exit status 0 (successful).
  INFO ---------------------------------------------------------------------------
  INFO START 2025-05-10 10:20:12 +0900 cap production deploy
  INFO ---------------------------------------------------------------------------
  INFO [3b007f7b] Running /usr/bin/env mkdir -p /tmp as deploy@deploy_server
 DEBUG [3b007f7b] Command: ( export PATH="$HOME/.local/bin:$PATH" ; /usr/bin/env mkdir -p /tmp )
  INFO [3b007f7b] Finished in 0.451 seconds with exit status 0 (successful).
 DEBUG Uploading /tmp/git-ssh-b1a5826c1a12a8d23910.sh 0.0%
  INFO Uploading /tmp/git-ssh-b1a5826c1a12a8d23910.sh 100.0%
  INFO [755fe4b0] Running /usr/bin/env chmod 700 /tmp/git-ssh-b1a5826c1a12a8d23910.sh as deploy@deploy_server
 DEBUG [755fe4b0] Command: ( export PATH="$HOME/.local/bin:$PATH" ; /usr/bin/env chmod 700 /tmp/git-ssh-b1a5826c1a12a8d23910.sh )
  INFO [755fe4b0] Finished in 0.062 seconds with exit status 0 (successful).
  INFO [c04df04b] Running /usr/bin/env git ls-remote git@github.com:humake-dev/api.git HEAD as deploy@deploy_server
 DEBUG [c04df04b] Command: ( export PATH="$HOME/.local/bin:$PATH" GIT_ASKPASS="/bin/echo" GIT_SSH="/tmp/git-ssh-b1a5826c1a12a8d23910.sh" ; /usr/bin/env git ls-remote git@github.com:humake-dev/api.git HEAD )
 DEBUG [c04df04b] 	aa16ae5765bc52cc3b5b06756102a07cbd1e89a7	HEAD
  INFO [c04df04b] Finished in 2.349 seconds with exit status 0 (successful).
  INFO [ed9d6104] Running /usr/bin/env mkdir -p /var/www/vhosts/api/shared /var/www/vhosts/api/releases as deploy@deploy_server
 DEBUG [ed9d6104] Command: ( export PATH="$HOME/.local/bin:$PATH" ; /usr/bin/env mkdir -p /var/www/vhosts/api/shared /var/www/vhosts/api/releases )
  INFO [ed9d6104] Finished in 0.061 seconds with exit status 0 (successful).
  INFO [39ec766c] Running /usr/bin/env mkdir -p /var/www/vhosts/api/shared as deploy@deploy_server
 DEBUG [39ec766c] Command: ( export PATH="$HOME/.local/bin:$PATH" ; /usr/bin/env mkdir -p /var/www/vhosts/api/shared )
  INFO [39ec766c] Finished in 0.063 seconds with exit status 0 (successful).
 DEBUG [fe7e3c23] Running [ -f /var/www/vhosts/api/shared/.env ] as deploy@deploy_server
 DEBUG [fe7e3c23] Command: [ -f /var/www/vhosts/api/shared/.env ]
 DEBUG [fe7e3c23] Finished in 0.062 seconds with exit status 0 (successful).
 DEBUG [84b274ee] Running [ -f /var/www/vhosts/api/current/REVISION ] as deploy@deploy_server
 DEBUG [84b274ee] Command: [ -f /var/www/vhosts/api/current/REVISION ]
 DEBUG [84b274ee] Finished in 0.056 seconds with exit status 0 (successful).
 DEBUG [6a54dfe4] Running /usr/bin/env cat /var/www/vhosts/api/current/REVISION 2>/dev/null as deploy@deploy_server
 DEBUG [6a54dfe4] Command: ( export PATH="$HOME/.local/bin:$PATH" ; /usr/bin/env cat /var/www/vhosts/api/current/REVISION 2>/dev/null )
 DEBUG [6a54dfe4] 	b73d986078ca98cde840004f3cd0c606de1b41e0
 DEBUG [6a54dfe4] Finished in 0.063 seconds with exit status 0 (successful).
 DEBUG [5619dfe5] Running [ -f /var/www/vhosts/api/current/REVISION_TIME ] as deploy@deploy_server
 DEBUG [5619dfe5] Command: [ -f /var/www/vhosts/api/current/REVISION_TIME ]
 DEBUG [5619dfe5] Finished in 0.059 seconds with exit status 0 (successful).
 DEBUG [fa7254a7] Running /usr/bin/env cat /var/www/vhosts/api/current/REVISION_TIME 2>/dev/null as deploy@deploy_server
 DEBUG [fa7254a7] Command: ( export PATH="$HOME/.local/bin:$PATH" ; /usr/bin/env cat /var/www/vhosts/api/current/REVISION_TIME 2>/dev/null )
 DEBUG [fa7254a7] 	1745991496
 DEBUG [fa7254a7] Finished in 0.066 seconds with exit status 0 (successful).
 DEBUG [8a577bc5] Running [ -f /var/www/vhosts/api/repo/HEAD ] as deploy@deploy_server
 DEBUG [8a577bc5] Command: [ -f /var/www/vhosts/api/repo/HEAD ]
 DEBUG [8a577bc5] Finished in 0.061 seconds with exit status 0 (successful).
  INFO The repository mirror is at /var/www/vhosts/api/repo
 DEBUG [e89bf07f] Running if test ! -d /var/www/vhosts/api/repo; then echo "Directory does not exist '/var/www/vhosts/api/repo'" 1>&2; false; fi as deploy@deploy_server
 DEBUG [e89bf07f] Command: if test ! -d /var/www/vhosts/api/repo; then echo "Directory does not exist '/var/www/vhosts/api/repo'" 1>&2; false; fi
 DEBUG [e89bf07f] Finished in 0.060 seconds with exit status 0 (successful).
  INFO [df199d73] Running /usr/bin/env git remote set-url origin git@github.com:humake-dev/api.git as deploy@deploy_server
 DEBUG [df199d73] Command: cd /var/www/vhosts/api/repo && ( export PATH="$HOME/.local/bin:$PATH" GIT_ASKPASS="/bin/echo" GIT_SSH="/tmp/git-ssh-b1a5826c1a12a8d23910.sh" ; /usr/bin/env git remote set-url origin git@github.com:humake-dev/api.git )
  INFO [df199d73] Finished in 0.065 seconds with exit status 0 (successful).
  INFO [406f76e0] Running /usr/bin/env git remote update --prune as deploy@deploy_server
 DEBUG [406f76e0] Command: cd /var/www/vhosts/api/repo && ( export PATH="$HOME/.local/bin:$PATH" GIT_ASKPASS="/bin/echo" GIT_SSH="/tmp/git-ssh-b1a5826c1a12a8d23910.sh" ; /usr/bin/env git remote update --prune )
 DEBUG [406f76e0] 	origin을(를) 가져오는 중
 DEBUG [406f76e0] 	github.com:humake-dev/api URL에서
   b73d986..aa16ae5  main       -> main
  INFO [406f76e0] Finished in 2.651 seconds with exit status 0 (successful).
 DEBUG [b86791e7] Running if test ! -d /var/www/vhosts/api/repo; then echo "Directory does not exist '/var/www/vhosts/api/repo'" 1>&2; false; fi as deploy@deploy_server
 DEBUG [b86791e7] Command: if test ! -d /var/www/vhosts/api/repo; then echo "Directory does not exist '/var/www/vhosts/api/repo'" 1>&2; false; fi
 DEBUG [b86791e7] Finished in 0.063 seconds with exit status 0 (successful).
  INFO [72f08be6] Running /usr/bin/env mkdir -p /var/www/vhosts/api/releases/20250510012017 as deploy@deploy_server
 DEBUG [72f08be6] Command: cd /var/www/vhosts/api/repo && ( export PATH="$HOME/.local/bin:$PATH" GIT_ASKPASS="/bin/echo" GIT_SSH="/tmp/git-ssh-b1a5826c1a12a8d23910.sh" ; /usr/bin/env mkdir -p /var/www/vhosts/api/releases/20250510012017 )
  INFO [72f08be6] Finished in 0.065 seconds with exit status 0 (successful).
  INFO [892e793c] Running /usr/bin/env git archive main | /usr/bin/env tar -x -f - -C /var/www/vhosts/api/releases/20250510012017 as deploy@deploy_server
 DEBUG [892e793c] Command: cd /var/www/vhosts/api/repo && ( export PATH="$HOME/.local/bin:$PATH" GIT_ASKPASS="/bin/echo" GIT_SSH="/tmp/git-ssh-b1a5826c1a12a8d23910.sh" ; /usr/bin/env git archive main | /usr/bin/env tar -x -f - -C /var/www/vhosts/api/releases/20250510012017 )
  INFO [892e793c] Finished in 0.079 seconds with exit status 0 (successful).
 DEBUG [3bf49b5b] Running if test ! -d /var/www/vhosts/api/repo; then echo "Directory does not exist '/var/www/vhosts/api/repo'" 1>&2; false; fi as deploy@deploy_server
 DEBUG [3bf49b5b] Command: if test ! -d /var/www/vhosts/api/repo; then echo "Directory does not exist '/var/www/vhosts/api/repo'" 1>&2; false; fi
 DEBUG [3bf49b5b] Finished in 0.061 seconds with exit status 0 (successful).
 DEBUG [9da2a6c7] Running /usr/bin/env git rev-list --max-count=1 main as deploy@deploy_server
 DEBUG [9da2a6c7] Command: cd /var/www/vhosts/api/repo && ( export PATH="$HOME/.local/bin:$PATH" GIT_ASKPASS="/bin/echo" GIT_SSH="/tmp/git-ssh-b1a5826c1a12a8d23910.sh" ; /usr/bin/env git rev-list --max-count=1 main )
 DEBUG [9da2a6c7] 	aa16ae5765bc52cc3b5b06756102a07cbd1e89a7
 DEBUG [9da2a6c7] Finished in 0.064 seconds with exit status 0 (successful).
 DEBUG [8cbbd303] Running if test ! -d /var/www/vhosts/api/releases/20250510012017; then echo "Directory does not exist '/var/www/vhosts/api/releases/20250510012017'" 1>&2; false; fi as deploy@deploy_server
 DEBUG [8cbbd303] Command: if test ! -d /var/www/vhosts/api/releases/20250510012017; then echo "Directory does not exist '/var/www/vhosts/api/releases/20250510012017'" 1>&2; false; fi
 DEBUG [8cbbd303] Finished in 0.061 seconds with exit status 0 (successful).
  INFO [38ed16c4] Running /usr/bin/env echo "aa16ae5765bc52cc3b5b06756102a07cbd1e89a7" > REVISION as deploy@deploy_server
 DEBUG [38ed16c4] Command: cd /var/www/vhosts/api/releases/20250510012017 && ( export PATH="$HOME/.local/bin:$PATH" ; /usr/bin/env echo "aa16ae5765bc52cc3b5b06756102a07cbd1e89a7" > REVISION )
  INFO [38ed16c4] Finished in 0.064 seconds with exit status 0 (successful).
 DEBUG [3ce80917] Running if test ! -d /var/www/vhosts/api/repo; then echo "Directory does not exist '/var/www/vhosts/api/repo'" 1>&2; false; fi as deploy@deploy_server
 DEBUG [3ce80917] Command: if test ! -d /var/www/vhosts/api/repo; then echo "Directory does not exist '/var/www/vhosts/api/repo'" 1>&2; false; fi
 DEBUG [3ce80917] Finished in 0.062 seconds with exit status 0 (successful).
 DEBUG [86ef6773] Running /usr/bin/env git --no-pager log -1 --pretty=format:"%ct" main as deploy@deploy_server
 DEBUG [86ef6773] Command: cd /var/www/vhosts/api/repo && ( export PATH="$HOME/.local/bin:$PATH" GIT_ASKPASS="/bin/echo" GIT_SSH="/tmp/git-ssh-b1a5826c1a12a8d23910.sh" ; /usr/bin/env git --no-pager log -1 --pretty=format:"%ct" main )
 DEBUG [86ef6773] 	1746523993
 DEBUG [86ef6773] Finished in 0.063 seconds with exit status 0 (successful).
 DEBUG [9b1d319f] Running if test ! -d /var/www/vhosts/api/releases/20250510012017; then echo "Directory does not exist '/var/www/vhosts/api/releases/20250510012017'" 1>&2; false; fi as deploy@deploy_server
 DEBUG [9b1d319f] Command: if test ! -d /var/www/vhosts/api/releases/20250510012017; then echo "Directory does not exist '/var/www/vhosts/api/releases/20250510012017'" 1>&2; false; fi
 DEBUG [9b1d319f] Finished in 0.060 seconds with exit status 0 (successful).
  INFO [cd10fc13] Running /usr/bin/env echo "1746523993" > REVISION_TIME as deploy@deploy_server
 DEBUG [cd10fc13] Command: cd /var/www/vhosts/api/releases/20250510012017 && ( export PATH="$HOME/.local/bin:$PATH" ; /usr/bin/env echo "1746523993" > REVISION_TIME )
  INFO [cd10fc13] Finished in 0.061 seconds with exit status 0 (successful).
  INFO [7879d2fc] Running /usr/bin/env mkdir -p /var/www/vhosts/api/releases/20250510012017 as deploy@deploy_server
 DEBUG [7879d2fc] Command: ( export PATH="$HOME/.local/bin:$PATH" ; /usr/bin/env mkdir -p /var/www/vhosts/api/releases/20250510012017 )
  INFO [7879d2fc] Finished in 0.060 seconds with exit status 0 (successful).
 DEBUG [d51b549f] Running [ -L /var/www/vhosts/api/releases/20250510012017/.env ] as deploy@deploy_server
 DEBUG [d51b549f] Command: [ -L /var/www/vhosts/api/releases/20250510012017/.env ]
 DEBUG [d51b549f] Finished in 0.067 seconds with exit status 1 (failed).
 DEBUG [c62d6af9] Running [ -f /var/www/vhosts/api/releases/20250510012017/.env ] as deploy@deploy_server
 DEBUG [c62d6af9] Command: [ -f /var/www/vhosts/api/releases/20250510012017/.env ]
 DEBUG [c62d6af9] Finished in 0.063 seconds with exit status 1 (failed).
  INFO [0c876b27] Running /usr/bin/env ln -s /var/www/vhosts/api/shared/.env /var/www/vhosts/api/releases/20250510012017/.env as deploy@deploy_server
 DEBUG [0c876b27] Command: ( export PATH="$HOME/.local/bin:$PATH" ; /usr/bin/env ln -s /var/www/vhosts/api/shared/.env /var/www/vhosts/api/releases/20250510012017/.env )
  INFO [0c876b27] Finished in 0.061 seconds with exit status 0 (successful).
 DEBUG [dc067492] Running if test ! -d /var/www/vhosts/api/releases/20250510012017; then echo "Directory does not exist '/var/www/vhosts/api/releases/20250510012017'" 1>&2; false; fi as deploy@deploy_server
 DEBUG [dc067492] Command: if test ! -d /var/www/vhosts/api/releases/20250510012017; then echo "Directory does not exist '/var/www/vhosts/api/releases/20250510012017'" 1>&2; false; fi
 DEBUG [dc067492] Finished in 0.060 seconds with exit status 0 (successful).
  INFO [abfaa0a1] Running /usr/bin/env poetry install --no-interaction --no-root as deploy@deploy_server
 DEBUG [abfaa0a1] Command: cd /var/www/vhosts/api/releases/20250510012017 && ( export PATH="$HOME/.local/bin:$PATH" ; /usr/bin/env poetry install --no-interaction --no-root )
 DEBUG [abfaa0a1] 	Creating virtualenv humake-api-JGDAHqkn-py3.10 in /home/deploy/.cache/pypoetry/virtualenvs
 DEBUG [abfaa0a1] 	Installing dependencies from lock file
 DEBUG [abfaa0a1] 	
 DEBUG [abfaa0a1] 	pyproject.toml changed significantly since poetry.lock was last generated. Run `poetry lock` to fix the lock file.
  INFO ---------------------------------------------------------------------------
  INFO START 2025-05-10 10:20:51 +0900 cap production deploy
  INFO ---------------------------------------------------------------------------
  INFO [3c6b280a] Running /usr/bin/env mkdir -p /tmp as deploy@deploy_server
 DEBUG [3c6b280a] Command: ( export PATH="$HOME/.local/bin:$PATH" ; /usr/bin/env mkdir -p /tmp )
  INFO [3c6b280a] Finished in 0.432 seconds with exit status 0 (successful).
 DEBUG Uploading /tmp/git-ssh-dfa1246155b4c4e3eaff.sh 0.0%
  INFO Uploading /tmp/git-ssh-dfa1246155b4c4e3eaff.sh 100.0%
  INFO [98205609] Running /usr/bin/env chmod 700 /tmp/git-ssh-dfa1246155b4c4e3eaff.sh as deploy@deploy_server
 DEBUG [98205609] Command: ( export PATH="$HOME/.local/bin:$PATH" ; /usr/bin/env chmod 700 /tmp/git-ssh-dfa1246155b4c4e3eaff.sh )
  INFO [98205609] Finished in 0.061 seconds with exit status 0 (successful).
  INFO [f1ec6547] Running /usr/bin/env git ls-remote git@github.com:humake-dev/api.git HEAD as deploy@deploy_server
 DEBUG [f1ec6547] Command: ( export PATH="$HOME/.local/bin:$PATH" GIT_ASKPASS="/bin/echo" GIT_SSH="/tmp/git-ssh-dfa1246155b4c4e3eaff.sh" ; /usr/bin/env git ls-remote git@github.com:humake-dev/api.git HEAD )
 DEBUG [f1ec6547] 	4a221c6ee1f9854e117d891df614d2f3c0dd1124	HEAD
  INFO [f1ec6547] Finished in 2.246 seconds with exit status 0 (successful).
  INFO [3b717a6d] Running /usr/bin/env mkdir -p /var/www/vhosts/api/shared /var/www/vhosts/api/releases as deploy@deploy_server
 DEBUG [3b717a6d] Command: ( export PATH="$HOME/.local/bin:$PATH" ; /usr/bin/env mkdir -p /var/www/vhosts/api/shared /var/www/vhosts/api/releases )
  INFO [3b717a6d] Finished in 0.063 seconds with exit status 0 (successful).
  INFO [e500943d] Running /usr/bin/env mkdir -p /var/www/vhosts/api/shared as deploy@deploy_server
 DEBUG [e500943d] Command: ( export PATH="$HOME/.local/bin:$PATH" ; /usr/bin/env mkdir -p /var/www/vhosts/api/shared )
  INFO [e500943d] Finished in 0.064 seconds with exit status 0 (successful).
 DEBUG [c5e47c79] Running [ -f /var/www/vhosts/api/shared/.env ] as deploy@deploy_server
 DEBUG [c5e47c79] Command: [ -f /var/www/vhosts/api/shared/.env ]
 DEBUG [c5e47c79] Finished in 0.064 seconds with exit status 0 (successful).
 DEBUG [429c8136] Running [ -f /var/www/vhosts/api/current/REVISION ] as deploy@deploy_server
 DEBUG [429c8136] Command: [ -f /var/www/vhosts/api/current/REVISION ]
 DEBUG [429c8136] Finished in 0.056 seconds with exit status 0 (successful).
 DEBUG [6cc2d8d9] Running /usr/bin/env cat /var/www/vhosts/api/current/REVISION 2>/dev/null as deploy@deploy_server
 DEBUG [6cc2d8d9] Command: ( export PATH="$HOME/.local/bin:$PATH" ; /usr/bin/env cat /var/www/vhosts/api/current/REVISION 2>/dev/null )
 DEBUG [6cc2d8d9] 	b73d986078ca98cde840004f3cd0c606de1b41e0
 DEBUG [6cc2d8d9] Finished in 0.067 seconds with exit status 0 (successful).
 DEBUG [77534f69] Running [ -f /var/www/vhosts/api/current/REVISION_TIME ] as deploy@deploy_server
 DEBUG [77534f69] Command: [ -f /var/www/vhosts/api/current/REVISION_TIME ]
 DEBUG [77534f69] Finished in 0.062 seconds with exit status 0 (successful).
 DEBUG [3084151f] Running /usr/bin/env cat /var/www/vhosts/api/current/REVISION_TIME 2>/dev/null as deploy@deploy_server
 DEBUG [3084151f] Command: ( export PATH="$HOME/.local/bin:$PATH" ; /usr/bin/env cat /var/www/vhosts/api/current/REVISION_TIME 2>/dev/null )
 DEBUG [3084151f] 	1745991496
 DEBUG [3084151f] Finished in 0.062 seconds with exit status 0 (successful).
 DEBUG [2232b385] Running [ -f /var/www/vhosts/api/repo/HEAD ] as deploy@deploy_server
 DEBUG [2232b385] Command: [ -f /var/www/vhosts/api/repo/HEAD ]
 DEBUG [2232b385] Finished in 0.066 seconds with exit status 0 (successful).
  INFO The repository mirror is at /var/www/vhosts/api/repo
 DEBUG [ea1dd769] Running if test ! -d /var/www/vhosts/api/repo; then echo "Directory does not exist '/var/www/vhosts/api/repo'" 1>&2; false; fi as deploy@deploy_server
 DEBUG [ea1dd769] Command: if test ! -d /var/www/vhosts/api/repo; then echo "Directory does not exist '/var/www/vhosts/api/repo'" 1>&2; false; fi
 DEBUG [ea1dd769] Finished in 0.059 seconds with exit status 0 (successful).
  INFO [4f1b23ba] Running /usr/bin/env git remote set-url origin git@github.com:humake-dev/api.git as deploy@deploy_server
 DEBUG [4f1b23ba] Command: cd /var/www/vhosts/api/repo && ( export PATH="$HOME/.local/bin:$PATH" GIT_ASKPASS="/bin/echo" GIT_SSH="/tmp/git-ssh-dfa1246155b4c4e3eaff.sh" ; /usr/bin/env git remote set-url origin git@github.com:humake-dev/api.git )
  INFO [4f1b23ba] Finished in 0.062 seconds with exit status 0 (successful).
  INFO [fbd2f8e7] Running /usr/bin/env git remote update --prune as deploy@deploy_server
 DEBUG [fbd2f8e7] Command: cd /var/www/vhosts/api/repo && ( export PATH="$HOME/.local/bin:$PATH" GIT_ASKPASS="/bin/echo" GIT_SSH="/tmp/git-ssh-dfa1246155b4c4e3eaff.sh" ; /usr/bin/env git remote update --prune )
 DEBUG [fbd2f8e7] 	origin을(를) 가져오는 중
 DEBUG [fbd2f8e7] 	github.com:humake-dev/api URL에서
   aa16ae5..4a221c6  main       -> main
  INFO [fbd2f8e7] Finished in 2.550 seconds with exit status 0 (successful).
 DEBUG [5fb70df4] Running if test ! -d /var/www/vhosts/api/repo; then echo "Directory does not exist '/var/www/vhosts/api/repo'" 1>&2; false; fi as deploy@deploy_server
 DEBUG [5fb70df4] Command: if test ! -d /var/www/vhosts/api/repo; then echo "Directory does not exist '/var/www/vhosts/api/repo'" 1>&2; false; fi
 DEBUG [5fb70df4] Finished in 0.058 seconds with exit status 0 (successful).
  INFO [9a9656f4] Running /usr/bin/env mkdir -p /var/www/vhosts/api/releases/20250510012055 as deploy@deploy_server
 DEBUG [9a9656f4] Command: cd /var/www/vhosts/api/repo && ( export PATH="$HOME/.local/bin:$PATH" GIT_ASKPASS="/bin/echo" GIT_SSH="/tmp/git-ssh-dfa1246155b4c4e3eaff.sh" ; /usr/bin/env mkdir -p /var/www/vhosts/api/releases/20250510012055 )
  INFO [9a9656f4] Finished in 0.062 seconds with exit status 0 (successful).
  INFO [4bbfac93] Running /usr/bin/env git archive main | /usr/bin/env tar -x -f - -C /var/www/vhosts/api/releases/20250510012055 as deploy@deploy_server
 DEBUG [4bbfac93] Command: cd /var/www/vhosts/api/repo && ( export PATH="$HOME/.local/bin:$PATH" GIT_ASKPASS="/bin/echo" GIT_SSH="/tmp/git-ssh-dfa1246155b4c4e3eaff.sh" ; /usr/bin/env git archive main | /usr/bin/env tar -x -f - -C /var/www/vhosts/api/releases/20250510012055 )
  INFO [4bbfac93] Finished in 0.073 seconds with exit status 0 (successful).
 DEBUG [53f977b2] Running if test ! -d /var/www/vhosts/api/repo; then echo "Directory does not exist '/var/www/vhosts/api/repo'" 1>&2; false; fi as deploy@deploy_server
 DEBUG [53f977b2] Command: if test ! -d /var/www/vhosts/api/repo; then echo "Directory does not exist '/var/www/vhosts/api/repo'" 1>&2; false; fi
 DEBUG [53f977b2] Finished in 0.057 seconds with exit status 0 (successful).
 DEBUG [2c77866b] Running /usr/bin/env git rev-list --max-count=1 main as deploy@deploy_server
 DEBUG [2c77866b] Command: cd /var/www/vhosts/api/repo && ( export PATH="$HOME/.local/bin:$PATH" GIT_ASKPASS="/bin/echo" GIT_SSH="/tmp/git-ssh-dfa1246155b4c4e3eaff.sh" ; /usr/bin/env git rev-list --max-count=1 main )
 DEBUG [2c77866b] 	4a221c6ee1f9854e117d891df614d2f3c0dd1124
 DEBUG [2c77866b] Finished in 0.063 seconds with exit status 0 (successful).
 DEBUG [cab35474] Running if test ! -d /var/www/vhosts/api/releases/20250510012055; then echo "Directory does not exist '/var/www/vhosts/api/releases/20250510012055'" 1>&2; false; fi as deploy@deploy_server
 DEBUG [cab35474] Command: if test ! -d /var/www/vhosts/api/releases/20250510012055; then echo "Directory does not exist '/var/www/vhosts/api/releases/20250510012055'" 1>&2; false; fi
 DEBUG [cab35474] Finished in 0.062 seconds with exit status 0 (successful).
  INFO [e0d16b72] Running /usr/bin/env echo "4a221c6ee1f9854e117d891df614d2f3c0dd1124" > REVISION as deploy@deploy_server
 DEBUG [e0d16b72] Command: cd /var/www/vhosts/api/releases/20250510012055 && ( export PATH="$HOME/.local/bin:$PATH" ; /usr/bin/env echo "4a221c6ee1f9854e117d891df614d2f3c0dd1124" > REVISION )
  INFO [e0d16b72] Finished in 0.059 seconds with exit status 0 (successful).
 DEBUG [8393cfc1] Running if test ! -d /var/www/vhosts/api/repo; then echo "Directory does not exist '/var/www/vhosts/api/repo'" 1>&2; false; fi as deploy@deploy_server
 DEBUG [8393cfc1] Command: if test ! -d /var/www/vhosts/api/repo; then echo "Directory does not exist '/var/www/vhosts/api/repo'" 1>&2; false; fi
 DEBUG [8393cfc1] Finished in 0.061 seconds with exit status 0 (successful).
 DEBUG [ea8af476] Running /usr/bin/env git --no-pager log -1 --pretty=format:"%ct" main as deploy@deploy_server
 DEBUG [ea8af476] Command: cd /var/www/vhosts/api/repo && ( export PATH="$HOME/.local/bin:$PATH" GIT_ASKPASS="/bin/echo" GIT_SSH="/tmp/git-ssh-dfa1246155b4c4e3eaff.sh" ; /usr/bin/env git --no-pager log -1 --pretty=format:"%ct" main )
 DEBUG [ea8af476] 	1746840041
 DEBUG [ea8af476] Finished in 0.062 seconds with exit status 0 (successful).
 DEBUG [171d1792] Running if test ! -d /var/www/vhosts/api/releases/20250510012055; then echo "Directory does not exist '/var/www/vhosts/api/releases/20250510012055'" 1>&2; false; fi as deploy@deploy_server
 DEBUG [171d1792] Command: if test ! -d /var/www/vhosts/api/releases/20250510012055; then echo "Directory does not exist '/var/www/vhosts/api/releases/20250510012055'" 1>&2; false; fi
 DEBUG [171d1792] Finished in 0.061 seconds with exit status 0 (successful).
  INFO [9c4d35c8] Running /usr/bin/env echo "1746840041" > REVISION_TIME as deploy@deploy_server
 DEBUG [9c4d35c8] Command: cd /var/www/vhosts/api/releases/20250510012055 && ( export PATH="$HOME/.local/bin:$PATH" ; /usr/bin/env echo "1746840041" > REVISION_TIME )
  INFO [9c4d35c8] Finished in 0.063 seconds with exit status 0 (successful).
  INFO [2ff5a06d] Running /usr/bin/env mkdir -p /var/www/vhosts/api/releases/20250510012055 as deploy@deploy_server
 DEBUG [2ff5a06d] Command: ( export PATH="$HOME/.local/bin:$PATH" ; /usr/bin/env mkdir -p /var/www/vhosts/api/releases/20250510012055 )
  INFO [2ff5a06d] Finished in 0.065 seconds with exit status 0 (successful).
 DEBUG [defacfb7] Running [ -L /var/www/vhosts/api/releases/20250510012055/.env ] as deploy@deploy_server
 DEBUG [defacfb7] Command: [ -L /var/www/vhosts/api/releases/20250510012055/.env ]
 DEBUG [defacfb7] Finished in 0.060 seconds with exit status 1 (failed).
 DEBUG [14d7da33] Running [ -f /var/www/vhosts/api/releases/20250510012055/.env ] as deploy@deploy_server
 DEBUG [14d7da33] Command: [ -f /var/www/vhosts/api/releases/20250510012055/.env ]
 DEBUG [14d7da33] Finished in 0.059 seconds with exit status 1 (failed).
  INFO [595f9c36] Running /usr/bin/env ln -s /var/www/vhosts/api/shared/.env /var/www/vhosts/api/releases/20250510012055/.env as deploy@deploy_server
 DEBUG [595f9c36] Command: ( export PATH="$HOME/.local/bin:$PATH" ; /usr/bin/env ln -s /var/www/vhosts/api/shared/.env /var/www/vhosts/api/releases/20250510012055/.env )
  INFO [595f9c36] Finished in 0.063 seconds with exit status 0 (successful).
 DEBUG [cf134e36] Running if test ! -d /var/www/vhosts/api/releases/20250510012055; then echo "Directory does not exist '/var/www/vhosts/api/releases/20250510012055'" 1>&2; false; fi as deploy@deploy_server
 DEBUG [cf134e36] Command: if test ! -d /var/www/vhosts/api/releases/20250510012055; then echo "Directory does not exist '/var/www/vhosts/api/releases/20250510012055'" 1>&2; false; fi
 DEBUG [cf134e36] Finished in 0.058 seconds with exit status 0 (successful).
  INFO [135e726e] Running /usr/bin/env poetry install --no-interaction --no-root as deploy@deploy_server
 DEBUG [135e726e] Command: cd /var/www/vhosts/api/releases/20250510012055 && ( export PATH="$HOME/.local/bin:$PATH" ; /usr/bin/env poetry install --no-interaction --no-root )
 DEBUG [135e726e] 	Creating virtualenv humake-api-4WugKmN4-py3.10 in /home/deploy/.cache/pypoetry/virtualenvs
 DEBUG [135e726e] 	Installing dependencies from lock file
 DEBUG [135e726e] 	
Package operations: 24 installs, 
 DEBUG [135e726e] 	0 updates, 0 removals
 DEBUG [135e726e] 	
 DEBUG [135e726e] 	  - Installing exceptiongroup (1.2.2)
 DEBUG [135e726e] 	  - Installing idna (3.10)
 DEBUG [135e726e] 	  - Installing sniffio (1.3.1)
 DEBUG [135e726e] 	  - Installing typing-extensions (4.13.2)
 DEBUG [135e726e] 	  - Installing annotated-types (0.7.0)
 DEBUG [135e726e] 	  - Installing anyio (4.9.0)
 DEBUG [135e726e] 	  - Installing pycparser (2.22)
 DEBUG [135e726e] 	  - Installing typing-inspection (0.4.0)
 DEBUG [135e726e] 	  - Installing pydantic-core (2.33.2)
 DEBUG [135e726e] 	  - Installing cffi (1.17.1)
 DEBUG [135e726e] 	  - Installing click (8.1.8)
 DEBUG [135e726e] 	  - Installing greenlet (3.2.1)
 DEBUG [135e726e] 	  - Installing h11 (0.16.0)
 DEBUG [135e726e] 	  - Installing packaging (25.0)
 DEBUG [135e726e] 	  - Installing pydantic (2.11.4)
 DEBUG [135e726e] 	  - Installing starlette (0.46.2)
 DEBUG [135e726e] 	  - Installing cryptography (44.0.2)
 DEBUG [135e726e] 	  - Installing fastapi (0.115.12)
 DEBUG [135e726e] 	  - Installing gunicorn (23.0.0)
 DEBUG [135e726e] 	  - Installing itsdangerous (2.2.0)
 DEBUG [135e726e] 	  - Installing pymysql (1.1.1)
 DEBUG [135e726e] 	  - Installing sqlalchemy (2.0.40)
 DEBUG [135e726e] 	  - Installing python-dotenv (1.1.0)
 DEBUG [135e726e] 	  - Installing uvicorn (0.18.3)
  INFO [135e726e] Finished in 3.451 seconds with exit status 0 (successful).
  INFO [f73a9cd0] Running /usr/bin/env ln -s /var/www/vhosts/api/releases/20250510012055 /var/www/vhosts/api/releases/current as deploy@deploy_server
 DEBUG [f73a9cd0] Command: ( export PATH="$HOME/.local/bin:$PATH" ; /usr/bin/env ln -s /var/www/vhosts/api/releases/20250510012055 /var/www/vhosts/api/releases/current )
  INFO [f73a9cd0] Finished in 0.060 seconds with exit status 0 (successful).
  INFO [efc36be0] Running /usr/bin/env mv /var/www/vhosts/api/releases/current /var/www/vhosts/api as deploy@deploy_server
 DEBUG [efc36be0] Command: ( export PATH="$HOME/.local/bin:$PATH" ; /usr/bin/env mv /var/www/vhosts/api/releases/current /var/www/vhosts/api )
  INFO [efc36be0] Finished in 0.066 seconds with exit status 0 (successful).
 DEBUG [429c228d] Running /usr/bin/env ls -x /var/www/vhosts/api/releases as deploy@deploy_server
 DEBUG [429c228d] Command: ( export PATH="$HOME/.local/bin:$PATH" ; /usr/bin/env ls -x /var/www/vhosts/api/releases )
 DEBUG [429c228d] 	20250430055016	20250430055057	20250430055349	20250510012017	20250510012055
 DEBUG [429c228d] Finished in 0.063 seconds with exit status 0 (successful).
  INFO Keeping 3 of 5 deployed releases on deploy_server
 DEBUG [e2bf8114] Running [ -d /var/www/vhosts/api/current ] as deploy@deploy_server
 DEBUG [e2bf8114] Command: [ -d /var/www/vhosts/api/current ]
 DEBUG [e2bf8114] Finished in 0.061 seconds with exit status 0 (successful).
 DEBUG [554a45b5] Running /usr/bin/env readlink /var/www/vhosts/api/current as deploy@deploy_server
 DEBUG [554a45b5] Command: ( export PATH="$HOME/.local/bin:$PATH" ; /usr/bin/env readlink /var/www/vhosts/api/current )
 DEBUG [554a45b5] 	/var/www/vhosts/api/releases/20250510012055
 DEBUG [554a45b5] Finished in 0.061 seconds with exit status 0 (successful).
  INFO [1273e083] Running /usr/bin/env rm -rf /var/www/vhosts/api/releases/20250430055016 /var/www/vhosts/api/releases/20250430055057 as deploy@deploy_server
 DEBUG [1273e083] Command: ( export PATH="$HOME/.local/bin:$PATH" ; /usr/bin/env rm -rf /var/www/vhosts/api/releases/20250430055016 /var/www/vhosts/api/releases/20250430055057 )
  INFO [1273e083] Finished in 0.072 seconds with exit status 0 (successful).
 DEBUG [c88b3c68] Running if test ! -d /var/www/vhosts/api/releases; then echo "Directory does not exist '/var/www/vhosts/api/releases'" 1>&2; false; fi as deploy@deploy_server
 DEBUG [c88b3c68] Command: if test ! -d /var/www/vhosts/api/releases; then echo "Directory does not exist '/var/www/vhosts/api/releases'" 1>&2; false; fi
 DEBUG [c88b3c68] Finished in 0.062 seconds with exit status 0 (successful).
  INFO [20d76836] Running /usr/bin/env echo "Branch main (at 4a221c6ee1f9854e117d891df614d2f3c0dd1124) deployed as release 20250510012055 by toughjjh" >> /var/www/vhosts/api/revisions.log as deploy@deploy_server
 DEBUG [20d76836] Command: cd /var/www/vhosts/api/releases && ( export PATH="$HOME/.local/bin:$PATH" ; /usr/bin/env echo "Branch main (at 4a221c6ee1f9854e117d891df614d2f3c0dd1124) deployed as release 20250510012055 by toughjjh" >> /var/www/vhosts/api/revisions.log )
  INFO [20d76836] Finished in 0.060 seconds with exit status 0 (successful).
